0.1	0.01	-0.00305828471244	1.95743360744e-05
0.108080808081	0.01	-0.00336361658567	5.97354880685e-05
0.116161616162	0.01	-0.00372178568786	8.84752137143e-05
0.124242424242	0.01	-0.00408968346656	9.7653800945e-05
0.132323232323	0.01	-0.00446383112193	7.74791824908e-05
0.140404040404	0.01	-0.00484365981582	6.31483812073e-05
0.148484848485	0.01	-0.00525569749404	3.79796671577e-05
0.156565656566	0.01	-0.00567556948934	-1.48912476535e-05
0.164646464646	0.01	-0.00608757518508	-8.03988860125e-05
0.172727272727	0.01	-0.0065271447071	-0.00015265455667
0.180808080808	0.01	-0.00696413917994	-0.000262069960955
0.188888888889	0.01	-0.00738784809754	-0.000370095406544
0.19696969697	0.01	-0.00785255782987	-0.000490569458753
0.205050505051	0.01	-0.00828828130174	-0.000656128309188
0.213131313131	0.01	-0.00871958054139	-0.000787779412757
0.221212121212	0.01	-0.00919263232292	-0.000974777315826
0.229292929293	0.01	-0.00960331034324	-0.00116083159104
0.237373737374	0.01	-0.010080419446	-0.00133220242684
0.245454545455	0.01	-0.0105031856877	-0.00157164716347
0.253535353535	0.01	-0.0109542890916	-0.00174506235747
0.261616161616	0.01	-0.01139716376	-0.00201365614576
0.269696969697	0.01	-0.0118305557503	-0.00220436128507
0.277777777778	0.01	-0.0122808987564	-0.00249168406125
0.285858585859	0.01	-0.0127126161743	-0.00269920648567
0.293939393939	0.01	-0.013154442469	-0.00300446106617
0.30202020202	0.01	-0.0136013912754	-0.00322879695995
0.310101010101	0.01	-0.01401969089	-0.00354335584695
0.318181818182	0.01	-0.0144920916791	-0.00380021144526
0.326262626263	0.01	-0.0148906321309	-0.00409731544085
0.334343434343	0.01	-0.0153668918954	-0.00441121611996
0.342424242424	0.01	-0.0157913789543	-0.00468179417925
0.350505050505	0.01	-0.0162215183347	-0.00502801917859
0.358585858586	0.01	-0.0166961784744	-0.00533427229463
0.366666666667	0.01	-0.0171141731217	-0.00564137022708
0.374747474747	0.01	-0.0175576269015	-0.00600368798557
0.382828282828	0.01	-0.018031871246	-0.00633362374631
0.390909090909	0.01	-0.0184664683381	-0.00665873966562
0.39898989899	0.01	-0.0189038376472	-0.00702946945279
0.407070707071	0.01	-0.019377425904	-0.00739974696351
0.415151515152	0.01	-0.0198449469054	-0.00774845164687
0.423232323232	0.01	-0.0202913037204	-0.00811159697698
0.431313131313	0.01	-0.0207460585718	-0.00850284703551
0.439393939394	0.01	-0.0212231206692	-0.00889980016024
0.447474747475	0.01	-0.0217075358583	-0.00928852168706
0.455555555556	0.01	-0.0221859434594	-0.00967728385743
0.463636363636	0.01	-0.0226607050621	-0.0100781705884
0.471717171717	0.01	-0.0231410142992	-0.0104938727331
0.479797979798	0.01	-0.0236322605252	-0.0109198440874
0.487878787879	0.01	-0.0241342248592	-0.0113513301921
0.49595959596	0.01	-0.0246444837387	-0.0117866390343
0.50404040404	0.01	-0.0251613266641	-0.0122264815084
0.512121212121	0.01	-0.0256845290724	-0.0126722832258
0.520202020202	0.01	-0.0262148825838	-0.0131251518454
0.528282828283	0.01	-0.0267535494546	-0.0135856459783
0.536363636364	0.01	-0.0273016836091	-0.014053936159
0.544444444444	0.01	-0.0278603169224	-0.0145300215729
0.552525252525	0.01	-0.0284303809112	-0.0150138691588
0.560606060606	0.01	-0.0290127648578	-0.015505466266
0.568686868687	0.01	-0.0296083708663	-0.0160048170005
0.576767676768	0.01	-0.0302181657122	-0.0165119130773
0.584848484848	0.01	-0.0308432436167	-0.0170267070895
0.592929292929	0.01	-0.0314849059999	-0.0175491201065
0.60101010101	0.01	-0.0321447343502	-0.0180791157794
0.609090909091	0.01	-0.0328245913144	-0.0186168436179
0.617171717172	0.01	-0.0335264752568	-0.0191627752592
0.625252525253	0.01	-0.0342522434716	-0.0197176670401
0.633333333333	0.01	-0.0350034206417	-0.0202822146216
0.641414141414	0.01	-0.0357814379533	-0.0208565572101
0.649494949495	0.01	-0.0365883600256	-0.0214401809559
0.657575757576	0.01	-0.0374274428049	-0.0220326489996
0.665656565657	0.01	-0.038302618386	-0.0226345642136
0.673737373737	0.01	-0.0392172394876	-0.0232473525867
0.681818181818	0.01	-0.0401739676787	-0.023871766152
0.689898989899	0.01	-0.0411764414366	-0.0245073950241
0.69797979798	0.01	-0.0422300745444	-0.0251543641288
0.706060606061	0.01	-0.0433403673215	-0.0258141911842
0.714141414141	0.01	-0.0445122010492	-0.0264879500518
0.722222222222	0.01	-0.0457518851981	-0.0271757449885
0.730303030303	0.01	-0.0470673918953	-0.027878727711
0.738383838384	0.01	-0.0484666126943	-0.028598685086
0.746464646465	0.01	-0.0499585548511	-0.029336571498
0.754545454545	0.01	-0.0515543699133	-0.0300940337025
0.762626262626	0.01	-0.0532660253357	-0.0308734368363
0.770707070707	0.01	-0.0551074251025	-0.0316767897092
0.778787878788	0.01	-0.0570950687523	-0.0325070712517
0.786868686869	0.01	-0.0592474953275	-0.0333677676913
0.794949494949	0.01	-0.0615868189962	-0.0342628364233
0.80303030303	0.01	-0.0641387722862	-0.0351975495086
0.811111111111	0.01	-0.0669337397179	-0.036177970445
0.819191919192	0.01	-0.0700079837261	-0.0372119818464
0.827272727273	0.01	-0.0734047199113	-0.0383092235853
0.835353535354	0.01	-0.0771763182079	-0.0394820879257
0.843434343434	0.01	-0.0813863362342	-0.0407463425263
0.851515151515	0.01	-0.0861130556945	-0.0421225577421
0.859595959596	0.01	-0.0914535736491	-0.0436377347475
0.867676767677	0.01	-0.0975300101793	-0.0453280720883
0.875757575758	0.01	-0.104497783179	-0.0472427633077
0.883838383838	0.01	-0.112557730851	-0.0494502023608
0.891919191919	0.01	-0.121973662101	-0.0520474824392
0.9	0.01	-0.133098662405	-0.0551762800454
