----------begin grid information----------
nr, nL, nE, ntheta:	601, 100, 100, 400
ra, rb: 	1e-15	1
La, Lb: 	1e-09	0.7
Ea, Eb: 	0.01	1.2
----------end grid information------------
--------begin tokamak information--------
a: 	3.80000000e-01 m
R0: 	1.30000000e+00 m
eps: 	2.92307692e-01
Bt0: 	8.40000000e-01 Tesla
Bps: 	1.14450626e-01 Tesla
Torodial Magnetic Field Pressure: 2.80828800e+05 pascal
n0: 	1.70000000e+19 1/m^3
mi: 	2.00000000e+00 1/m_p
q profile: 	0.7000+0.0000*r+1.3842*r^2+0.0000*r^3+0.0000*r^4+0.0000*r^5+0.0000*r^6+0.0000*r^7
q_s: 	1.00000000e+00
r_s: 	4.66120969e-01
s : 	6.01482048e-01
rho_m:	5.68684000e-08 kg/m^3
omega_A:	2.32012936e+06 rad/s
E_i0:	25.14200000 kEv
v_i0:	1.55189462e+06 m/s
omega_i0:	1.19376509e+06 rad/s
omega_c: 	4.02360000e+07 rad/s
fast ion gyroradius:	3.85698037e-02 m
C:	2.61731240e+05
--------end tokamak information  --------
--------begin fast ion distribution function--------
r0, rd: 	0.00000000	0.20000000
L0, Ld: 	0.30000000	0.20000000
E0, Ed, Ec: 	1.00000000	0.10000000	0.10000000
--------end fast ion distribution function  --------
Cn= 8.65307107
CP= 6.17625815
Cbeta= 0.71376487
Th= 0.71376487 code unit (Ei_0)
E0: 25.14200000
Th= 17.94547639 KeV
*********************************
The test run, assume imag(omega)=0 
------------------- find omega_0 ----------------------
omega_a: -0.100000000000	0.005000000000	0.000001118330	0.000000055896
omega_b: 0.100000000000	0.005000000000	-0.000003049439	0.000000889300
0	 omega_test=(0.000000000000,0.005000000000)	dwk_test=(0.000003378161,0.000000806034)
1	 omega_test=(0.050000000000,0.005000000000)	dwk_test=(-0.000000614787,0.000006408049)
2	 omega_test=(0.025000000000,0.005000000000)	dwk_test=(0.000003643077,0.000004695472)
3	 omega_test=(0.037500000000,0.005000000000)	dwk_test=(0.000001779734,0.000006163359)
4	 omega_test=(0.043750000000,0.005000000000)	dwk_test=(0.000000599195,0.000006456656)
5	 omega_test=(0.046875000000,0.005000000000)	dwk_test=(-0.000000010720,0.000006475686)
6	 omega_test=(0.045312500000,0.005000000000)	dwk_test=(0.000000294413,0.000006477034)
7	 omega_test=(0.046093750000,0.005000000000)	dwk_test=(0.000000141777,0.000006479079)
8	 omega_test=(0.046484375000,0.005000000000)	dwk_test=(0.000000065497,0.000006478062)
9	 omega_test=(0.046679687500,0.005000000000)	dwk_test=(0.000000027379,0.000006477044)
10	 omega_test=(0.046777343750,0.005000000000)	dwk_test=(0.000000008327,0.000006476408)
11	 omega_test=(0.046826171875,0.005000000000)	dwk_test=(-0.000000001197,0.000006476058)
12	 omega_test=(0.046801757812,0.005000000000)	dwk_test=(0.000000003565,0.000006476235)
13	 omega_test=(0.046813964844,0.005000000000)	dwk_test=(0.000000001184,0.000006476147)
14	 omega_test=(0.046820068359,0.005000000000)	dwk_test=(-0.000000000007,0.000006476103)
15	 omega_test=(0.046817016602,0.005000000000)	dwk_test=(0.000000000588,0.000006476125)
omega_0: 0.046817016602	0.005000000000	 dwk_0: 0.000000000588	0.000006476125
-----end find omega_0--------
beta_h_0= 0.019714607235
error=i*omega_0 -C*beta_h *dwk(omega_0)= (-5.004253966405e-03,6.938893903907e-18)
*********************************
*********************************
find the solution
------------------- find omega_0 ----------------------
omega_a: -0.100000000000	0.005000000000	0.000001118330	0.000000055896
omega_b: 0.100000000000	0.005000000000	-0.000003049439	0.000000889300
0	 omega_test=(0.000000000000,0.005000000000)	dwk_test=(0.000003378161,0.000000806034)
1	 omega_test=(0.050000000000,0.005000000000)	dwk_test=(-0.000000614787,0.000006408049)
2	 omega_test=(0.075000000000,0.005000000000)	dwk_test=(-0.000003709276,0.000003560366)
3	 omega_test=(0.062500000000,0.005000000000)	dwk_test=(-0.000002687936,0.000005352149)
4	 omega_test=(0.056250000000,0.005000000000)	dwk_test=(-0.000001747532,0.000006023331)
5	 omega_test=(0.053125000000,0.005000000000)	dwk_test=(-0.000001198528,0.000006255731)
6	 omega_test=(0.051562500000,0.005000000000)	dwk_test=(-0.000000910103,0.000006342255)
7	 omega_test=(0.050781250000,0.005000000000)	dwk_test=(-0.000000763194,0.000006377777)
8	 omega_test=(0.050390625000,0.005000000000)	dwk_test=(-0.000000689163,0.000006393573)
9	 omega_test=(0.050585937500,0.005000000000)	dwk_test=(-0.000000726223,0.000006385840)
10	 omega_test=(0.050488281250,0.005000000000)	dwk_test=(-0.000000707704,0.000006389748)
11	 omega_test=(0.050439453125,0.005000000000)	dwk_test=(-0.000000698437,0.000006391671)
12	 omega_test=(0.050415039062,0.005000000000)	dwk_test=(-0.000000693801,0.000006392624)
13	 omega_test=(0.050402832031,0.005000000000)	dwk_test=(-0.000000691482,0.000006393099)
14	 omega_test=(0.050408935547,0.005000000000)	dwk_test=(-0.000000692641,0.000006392862)
15	 omega_test=(0.050405883789,0.005000000000)	dwk_test=(-0.000000692062,0.000006392981)
omega_0: 0.050405883789	0.005000000000	 dwk_0: -0.000000692062	0.000006392981
-----end find omega_0--------
beta_h_1= 0.021501929745
error=i*omega_0 -C*beta_h *dwk(omega_0)= (4.566068483401e-04,0.000000000000e+00)
*********************************
Omega_0= 0.050405883789+0.005000000000i	dwk= -0.000000692062+0.000006392981
Beta_h= 0.021501929745
in omega_A unit
Omega_0A=(0.025935099024,0.002572626157)
in kHz 
Omega_0kHz=(9.576796116074,0.949968078742)
*************************************************************
dwk++ Elapsed time:	39.500499725342 second
